[    0.000000] Linux version 4.15.0-212-generic (buildd@lcy02-amd64-083) (gcc version 7.5.0 (Ubuntu 7.5.0-3ubuntu1~18.04)) #223-Ubuntu SMP Tue May 23 13:09:22 UTC 2023 (Ubuntu 4.15.0-212.223-generic 4.15.18)
[    0.000000] Command line: BOOT_IMAGE=/boot/vmlinuz-4.15.0-212-generic root=LABEL=cloudimg-rootfs ro console=tty1 console=ttyS0
[    0.000000] KERNEL supported cpus:
[    0.000000]   Intel GenuineIntel
[    0.000000]   AMD AuthenticAMD
[    0.000000]   Centaur CentaurHauls
[    0.000000] x86/fpu: Supporting XSAVE feature 0x001: 'x87 floating point registers'
[    0.000000] x86/fpu: Supporting XSAVE feature 0x002: 'SSE registers'
[    0.000000] x86/fpu: Supporting XSAVE feature 0x004: 'AVX registers'
[    0.000000] x86/fpu: xstate_offset[2]:  576, xstate_sizes[2]:  256
[    0.000000] x86/fpu: Enabled xstate features 0x7, context size is 832 bytes, using 'standard' format.
[    0.000000] e820: BIOS-provided physical RAM map:
[    0.000000] BIOS-e820: [mem 0x0000000000000000-0x000000000009fbff] usable
[    0.000000] BIOS-e820: [mem 0x000000000009fc00-0x000000000009ffff] reserved
[    0.000000] BIOS-e820: [mem 0x00000000000f0000-0x00000000000fffff] reserved
[    0.000000] BIOS-e820: [mem 0x0000000000100000-0x000000003ffeffff] usable
[    0.000000] BIOS-e820: [mem 0x000000003fff0000-0x000000003fffffff] ACPI data
[    0.000000] BIOS-e820: [mem 0x00000000fec00000-0x00000000fec00fff] reserved
[    0.000000] BIOS-e820: [mem 0x00000000fee00000-0x00000000fee00fff] reserved
[    0.000000] BIOS-e820: [mem 0x00000000fffc0000-0x00000000ffffffff] reserved
[    0.000000] NX (Execute Disable) protection: active
[    0.000000] SMBIOS 2.5 present.
[    0.000000] DMI: innotek GmbH VirtualBox/VirtualBox, BIOS VirtualBox 12/01/2006
[    0.000000] Hypervisor detected: KVM
[    0.000000] e820: last_pfn = 0x3fff0 max_arch_pfn = 0x400000000
[    0.000000] MTRR: Disabled
[    0.000000] x86/PAT: MTRRs disabled, skipping PAT initialization too.
[    0.000000] CPU MTRRs all blank - virtualized system.
[    0.000000] x86/PAT: Configuration [0-7]: WB  WT  UC- UC  WB  WT  UC- UC  
[    0.000000] found SMP MP-table at [mem 0x0009fff0-0x0009ffff]
[    0.000000] Scanning 1 areas for low memory corruption
[    0.000000] RAMDISK: [mem 0x359cb000-0x36cdcfff]
[    0.000000] ACPI: Early table checksum verification disabled
[    0.000000] ACPI: RSDP 0x00000000000E0000 000024 (v02 VBOX  )
[    0.000000] ACPI: XSDT 0x000000003FFF0030 00003C (v01 VBOX   VBOXXSDT 00000001 ASL  00000061)
[    0.000000] ACPI: FACP 0x000000003FFF00F0 0000F4 (v04 VBOX   VBOXFACP 00000001 ASL  00000061)
[    0.000000] ACPI: DSDT 0x000000003FFF0610 002353 (v02 VBOX   VBOXBIOS 00000002 INTL 20200925)
[    0.000000] ACPI: FACS 0x000000003FFF0200 000040
[    0.000000] ACPI: FACS 0x000000003FFF0200 000040
[    0.000000] ACPI: APIC 0x000000003FFF0240 00005C (v02 VBOX   VBOXAPIC 00000001 ASL  00000061)
[    0.000000] ACPI: SSDT 0x000000003FFF02A0 00036C (v01 VBOX   VBOXCPUT 00000002 INTL 20200925)
[    0.000000] ACPI: Reserving FACP table memory at [mem 0x3fff00f0-0x3fff01e3]
[    0.000000] ACPI: Reserving DSDT table memory at [mem 0x3fff0610-0x3fff2962]
[    0.000000] ACPI: Reserving FACS table memory at [mem 0x3fff0200-0x3fff023f]
[    0.000000] ACPI: Reserving FACS table memory at [mem 0x3fff0200-0x3fff023f]
[    0.000000] ACPI: Reserving APIC table memory at [mem 0x3fff0240-0x3fff029b]
[    0.000000] ACPI: Reserving SSDT table memory at [mem 0x3fff02a0-0x3fff060b]
[    0.000000] No NUMA configuration found
[    0.000000] Faking a node at [mem 0x0000000000000000-0x000000003ffeffff]
[    0.000000] NODE_DATA(0) allocated [mem 0x3ffc5000-0x3ffeffff]
[    0.000000] kvm-clock: cpu 0, msr 0:3ff44001, primary cpu clock
[    0.000000] kvm-clock: Using msrs 4b564d01 and 4b564d00
[    0.000000] kvm-clock: using sched offset of 3320115707 cycles
[    0.000000] clocksource: kvm-clock: mask: 0xffffffffffffffff max_cycles: 0x1cd42e4dffb, max_idle_ns: 881590591483 ns
[    0.000000] Zone ranges:
[    0.000000]   DMA      [mem 0x0000000000001000-0x0000000000ffffff]
[    0.000000]   DMA32    [mem 0x0000000001000000-0x000000003ffeffff]
[    0.000000]   Normal   empty
[    0.000000]   Device   empty
[    0.000000] Movable zone start for each node
[    0.000000] Early memory node ranges
[    0.000000]   node   0: [mem 0x0000000000001000-0x000000000009efff]
[    0.000000]   node   0: [mem 0x0000000000100000-0x000000003ffeffff]
[    0.000000] Reserved but unavailable: 104 pages
[    0.000000] Initmem setup node 0 [mem 0x0000000000001000-0x000000003ffeffff]
[    0.000000] ACPI: PM-Timer IO Port: 0x4008
[    0.000000] IOAPIC[0]: apic_id 2, version 32, address 0xfec00000, GSI 0-23
[    0.000000] ACPI: INT_SRC_OVR (bus 0 bus_irq 0 global_irq 2 dfl dfl)
[    0.000000] ACPI: INT_SRC_OVR (bus 0 bus_irq 9 global_irq 9 low level)
[    0.000000] Using ACPI (MADT) for SMP configuration information
[    0.000000] smpboot: Allowing 2 CPUs, 0 hotplug CPUs
[    0.000000] PM: Registered nosave memory: [mem 0x00000000-0x00000fff]
[    0.000000] PM: Registered nosave memory: [mem 0x0009f000-0x0009ffff]
[    0.000000] PM: Registered nosave memory: [mem 0x000a0000-0x000effff]
[    0.000000] PM: Registered nosave memory: [mem 0x000f0000-0x000fffff]
[    0.000000] e820: [mem 0x40000000-0xfebfffff] available for PCI devices
[    0.000000] Booting paravirtualized kernel on KVM
[    0.000000] clocksource: refined-jiffies: mask: 0xffffffff max_cycles: 0xffffffff, max_idle_ns: 7645519600211568 ns
[    0.000000] setup_percpu: NR_CPUS:8192 nr_cpumask_bits:2 nr_cpu_ids:2 nr_node_ids:1
[    0.000000] percpu: Embedded 50 pages/cpu s167936 r8192 d28672 u1048576
[    0.000000] PV qspinlock hash table entries: 256 (order: 0, 4096 bytes)
[    0.000000] Built 1 zonelists, mobility grouping on.  Total pages: 257913
[    0.000000] Policy zone: DMA32
[    0.000000] Kernel command line: BOOT_IMAGE=/boot/vmlinuz-4.15.0-212-generic root=LABEL=cloudimg-rootfs ro console=tty1 console=ttyS0
[    0.000000] Memory: 982644K/1048120K available (12300K kernel code, 2477K rwdata, 4324K rodata, 2480K init, 2720K bss, 65476K reserved, 0K cma-reserved)
[    0.000000] SLUB: HWalign=64, Order=0-3, MinObjects=0, CPUs=2, Nodes=1
[    0.000000] Kernel/User page tables isolation: enabled
[    0.000000] ftrace: allocating 39508 entries in 155 pages
[    0.004000] Hierarchical RCU implementation.
[    0.004000] 	RCU restricting CPUs from NR_CPUS=8192 to nr_cpu_ids=2.
[    0.004000] 	Tasks RCU enabled.
[    0.004000] RCU: Adjusting geometry for rcu_fanout_leaf=16, nr_cpu_ids=2
[    0.004000] NR_IRQS: 524544, nr_irqs: 440, preallocated irqs: 16
[    0.004000] random: crng init done
[    0.004000] Console: colour VGA+ 80x25
[    0.004000] console [tty1] enabled
[    0.004000] console [ttyS0] enabled
[    0.004000] ACPI: Core revision 20170831
[    0.004000] ACPI: 2 ACPI AML tables successfully acquired and loaded
[    0.004000] APIC: Switch to symmetric I/O mode setup
[    0.004000] x2apic enabled
[    0.004000] Switched APIC routing to physical x2apic.
[    0.004000] ..TIMER: vector=0x30 apic1=0 pin1=2 apic2=-1 pin2=-1
[    0.004000] tsc: Detected 2115.702 MHz processor
[    0.004000] Calibrating delay loop (skipped) preset value.. 4231.40 BogoMIPS (lpj=8462808)
[    0.004006] pid_max: default: 32768 minimum: 301
[    0.004894] Security Framework initialized
[    0.005633] Yama: becoming mindful.
[    0.006458] AppArmor: AppArmor initialized
[    0.008048] Dentry cache hash table entries: 131072 (order: 8, 1048576 bytes)
[    0.009656] Inode-cache hash table entries: 65536 (order: 7, 524288 bytes)
[    0.011102] Mount-cache hash table entries: 2048 (order: 2, 16384 bytes)
[    0.012007] Mountpoint-cache hash table entries: 2048 (order: 2, 16384 bytes)
[    0.013800] Last level iTLB entries: 4KB 64, 2MB 8, 4MB 8
[    0.015044] Last level dTLB entries: 4KB 64, 2MB 0, 4MB 0, 1GB 4
[    0.016004] Spectre V1 : Mitigation: usercopy/swapgs barriers and __user pointer sanitization
[    0.017860] Spectre V2 : Mitigation: Retpolines
[    0.018888] Spectre V2 : Spectre v2 / SpectreRSB mitigation: Filling RSB on context switch
[    0.020004] Spectre V2 : Spectre v2 / SpectreRSB : Filling RSB on VMEXIT
[    0.021413] RETBleed: WARNING: Spectre v2 mitigation leaves CPU vulnerable to RETBleed attacks, data leaks possible!
[    0.024003] RETBleed: Vulnerable
[    0.024763] Speculative Store Bypass: Vulnerable
[    0.025861] MDS: Mitigation: Clear CPU buffers
[    0.028002] MMIO Stale Data: Mitigation: Clear CPU buffers
[    0.029161] SRBDS: Unknown: Dependent on hypervisor status
[    0.030552] Freeing SMP alternatives memory: 36K
[    0.141958] smpboot: CPU0: Intel(R) Core(TM) i7-8650U CPU @ 1.90GHz (family: 0x6, model: 0x8e, stepping: 0xa)
[    0.144000] Performance Events: unsupported p6 CPU model 142 no PMU driver, software events only.
[    0.144031] Hierarchical SRCU implementation.
[    0.145463] NMI watchdog: Perf event create on CPU 0 failed with -2
[    0.146781] NMI watchdog: Perf NMI watchdog permanently disabled
[    0.148041] smp: Bringing up secondary CPUs ...
[    0.149184] x86: Booting SMP configuration:
[    0.150180] .... node  #0, CPUs:      #1
[    0.004000] kvm-clock: cpu 1, msr 0:3ff44041, secondary cpu clock
[    0.154399] smp: Brought up 1 node, 2 CPUs
[    0.154399] smpboot: Max logical packages: 1
[    0.156049] smpboot: Total of 2 processors activated (8462.80 BogoMIPS)
[    0.157396] devtmpfs: initialized
[    0.157396] x86/mm: Memory block size: 128MB
[    0.157618] evm: security.selinux
[    0.160002] evm: security.SMACK64
[    0.160656] evm: security.SMACK64EXEC
[    0.161344] evm: security.SMACK64TRANSMUTE
[    0.162471] evm: security.SMACK64MMAP
[    0.164006] evm: security.apparmor
[    0.164864] evm: security.ima
[    0.165605] evm: security.capability
[    0.166539] clocksource: jiffies: mask: 0xffffffff max_cycles: 0xffffffff, max_idle_ns: 7645041785100000 ns
[    0.168022] futex hash table entries: 512 (order: 3, 32768 bytes)
[    0.169393] pinctrl core: initialized pinctrl subsystem
[    0.172256] RTC time: 23:45:01, date: 09/12/24
[    0.173440] NET: Registered protocol family 16
[    0.174513] audit: initializing netlink subsys (disabled)
[    0.176035] audit: type=2000 audit(1726184706.609:1): state=initialized audit_enabled=0 res=1
[    0.177893] cpuidle: using governor ladder
[    0.177893] cpuidle: using governor menu
[    0.180062] ACPI: bus type PCI registered
[    0.181001] acpiphp: ACPI Hot Plug PCI Controller Driver version: 0.5
[    0.182439] PCI: Using configuration type 1 for base access
[    0.185143] HugeTLB registered 2.00 MiB page size, pre-allocated 0 pages
[    0.185496] ACPI: Added _OSI(Module Device)
[    0.188016] ACPI: Added _OSI(Processor Device)
[    0.189152] ACPI: Added _OSI(3.0 _SCP Extensions)
[    0.190240] ACPI: Added _OSI(Processor Aggregator Device)
[    0.191430] ACPI: Added _OSI(Linux-Dell-Video)
[    0.192004] ACPI: Added _OSI(Linux-Lenovo-NV-HDMI-Audio)
[    0.193192] ACPI: Added _OSI(Linux-HPI-Hybrid-Graphics)
[    0.194624] ACPI: Executed 1 blocks of module-level executable AML code
[    0.200828] ACPI: Interpreter enabled
[    0.201700] ACPI: (supports S0 S5)
[    0.202443] ACPI: Using IOAPIC for interrupt routing
[    0.203753] PCI: Using host bridge windows from ACPI; if necessary, use "pci=nocrs" and report a bug
[    0.204172] ACPI: Enabled 2 GPEs in block 00 to 07
[    0.213355] ACPI: PCI Root Bridge [PCI0] (domain 0000 [bus 00-ff])
[    0.214659] acpi PNP0A03:00: _OSC: OS supports [ASPM ClockPM Segments MSI]
[    0.216559] acpi PNP0A03:00: _OSC: not requesting OS control; OS requires [ExtendedConfig ASPM ClockPM MSI]
[    0.218863] acpi PNP0A03:00: fail to add MMCONFIG information, can't access extended PCI configuration space under this bridge.
[    0.220472] PCI host bridge to bus 0000:00
[    0.224005] pci_bus 0000:00: root bus resource [io  0x0000-0x0cf7 window]
[    0.225556] pci_bus 0000:00: root bus resource [io  0x0d00-0xffff window]
[    0.227071] pci_bus 0000:00: root bus resource [mem 0x000a0000-0x000bffff window]
[    0.228003] pci_bus 0000:00: root bus resource [mem 0x40000000-0xfdffffff window]
[    0.229772] pci_bus 0000:00: root bus resource [bus 00-ff]
[    0.233747] pci 0000:00:01.1: legacy IDE quirk: reg 0x10: [io  0x01f0-0x01f7]
[    0.235254] pci 0000:00:01.1: legacy IDE quirk: reg 0x14: [io  0x03f6]
[    0.236005] pci 0000:00:01.1: legacy IDE quirk: reg 0x18: [io  0x0170-0x0177]
[    0.237414] pci 0000:00:01.1: legacy IDE quirk: reg 0x1c: [io  0x0376]
[    0.252851] pci 0000:00:07.0: quirk: [io  0x4000-0x403f] claimed by PIIX4 ACPI
[    0.254613] pci 0000:00:07.0: quirk: [io  0x4100-0x410f] claimed by PIIX4 SMB
[    0.264500] ACPI: PCI Interrupt Link [LNKA] (IRQs 5 9 10 *11)
[    0.266254] ACPI: PCI Interrupt Link [LNKB] (IRQs 5 9 *10 11)
[    0.267660] ACPI: PCI Interrupt Link [LNKC] (IRQs 5 *9 10 11)
[    0.268196] ACPI: PCI Interrupt Link [LNKD] (IRQs 5 9 10 *11)
[    0.269854] SCSI subsystem initialized
[    0.270771] pci 0000:00:02.0: vgaarb: setting as boot VGA device
[    0.270771] pci 0000:00:02.0: vgaarb: VGA device added: decodes=io+mem,owns=io+mem,locks=none
[    0.272009] pci 0000:00:02.0: vgaarb: bridge control possible
[    0.276010] vgaarb: loaded
[    0.276786] ACPI: bus type USB registered
[    0.277737] usbcore: registered new interface driver usbfs
[    0.278920] usbcore: registered new interface driver hub
[    0.280010] usbcore: registered new device driver usb
[    0.281223] EDAC MC: Ver: 3.0.0
[    0.281223] PCI: Using ACPI for IRQ routing
[    0.284141] NetLabel: Initializing
[    0.284986] NetLabel:  domain hash size = 128
[    0.286009] NetLabel:  protocols = UNLABELED CIPSOv4 CALIPSO
[    0.287253] NetLabel:  unlabeled traffic allowed by default
[    0.288092] clocksource: Switched to clocksource kvm-clock
[    0.298595] VFS: Disk quotas dquot_6.6.0
[    0.299638] VFS: Dquot-cache hash table entries: 512 (order 0, 4096 bytes)
[    0.301382] AppArmor: AppArmor Filesystem Enabled
[    0.302532] pnp: PnP ACPI init
[    0.303604] pnp: PnP ACPI: found 3 devices
[    0.313357] clocksource: acpi_pm: mask: 0xffffff max_cycles: 0xffffff, max_idle_ns: 2085701024 ns
[    0.315343] NET: Registered protocol family 2
[    0.316394] IP idents hash table entries: 16384 (order: 5, 131072 bytes)
[    0.316450] TCP established hash table entries: 8192 (order: 4, 65536 bytes)
[    0.319713] TCP bind hash table entries: 8192 (order: 5, 131072 bytes)
[    0.321061] TCP: Hash tables configured (established 8192 bind 8192)
[    0.322374] UDP hash table entries: 512 (order: 2, 16384 bytes)
[    0.323630] UDP-Lite hash table entries: 512 (order: 2, 16384 bytes)
[    0.324972] NET: Registered protocol family 1
[    0.325044] pci 0000:00:00.0: Limiting direct PCI/PCI transfers
[    0.325044] pci 0000:00:01.0: Activating ISA DMA hang workarounds
[    0.325044] pci 0000:00:02.0: Video device with shadowed ROM at [mem 0x000c0000-0x000dffff]
[    0.325044] Unpacking initramfs...
[    0.556650] Freeing initrd memory: 19528K
[    0.557654] clocksource: tsc: mask: 0xffffffffffffffff max_cycles: 0x1e7f21911e5, max_idle_ns: 440795244889 ns
[    0.559539] platform rtc_cmos: registered platform RTC device (no PNP device found)
[    0.561034] Scanning for low memory corruption every 60 seconds
[    0.562736] Initialise system trusted keyrings
[    0.563654] Key type blacklist registered
[    0.564635] workingset: timestamp_bits=36 max_order=18 bucket_order=0
[    0.566992] zbud: loaded
[    0.568108] squashfs: version 4.0 (2009/01/31) Phillip Lougher
[    0.569432] fuse init (API version 7.26)
[    0.571508] Key type asymmetric registered
[    0.572368] Asymmetric key parser 'x509' registered
[    0.573373] Block layer SCSI generic (bsg) driver version 0.4 loaded (major 246)
[    0.574934] io scheduler noop registered
[    0.575873] io scheduler deadline registered
[    0.576810] io scheduler cfq registered (default)
[    0.578103] ACPI: AC Adapter [AC] (off-line)
[    0.579066] input: Power Button as /devices/LNXSYSTM:00/LNXPWRBN:00/input/input0
[    0.580751] ACPI: Power Button [PWRF]
[    0.581575] input: Sleep Button as /devices/LNXSYSTM:00/LNXSLPBN:00/input/input1
[    0.583283] ACPI: Sleep Button [SLPF]
[    0.585104] ACPI: Battery Slot [BAT0] (battery present)
[    0.586305] Serial: 8250/16550 driver, 32 ports, IRQ sharing enabled
[    0.608217] 00:02: ttyS0 at I/O 0x3f8 (irq = 4, base_baud = 115200) is a 16550A
[    0.611785] Linux agpgart interface v0.103
[    0.614151] loop: module loaded
[    0.615121] scsi host0: ata_piix
[    0.616066] scsi host1: ata_piix
[    0.616995] ata1: PATA max UDMA/33 cmd 0x1f0 ctl 0x3f6 bmdma 0xd000 irq 14
[    0.618277] ata2: PATA max UDMA/33 cmd 0x170 ctl 0x376 bmdma 0xd008 irq 15
[    0.619740] tun: Universal TUN/TAP device driver, 1.6
[    0.620897] PPP generic driver version 2.4.2
[    0.621904] ehci_hcd: USB 2.0 'Enhanced' Host Controller (EHCI) Driver
[    0.623126] ehci-pci: EHCI PCI platform driver
[    0.624059] ehci-platform: EHCI generic platform driver
[    0.625092] ohci_hcd: USB 1.1 'Open' Host Controller (OHCI) Driver
[    0.626270] ohci-pci: OHCI PCI platform driver
[    0.627193] ohci-platform: OHCI generic platform driver
[    0.628252] uhci_hcd: USB Universal Host Controller Interface driver
[    0.629510] i8042: PNP: PS/2 Controller [PNP0303:PS2K,PNP0f03:PS2M] at 0x60,0x64 irq 1,12
[    0.631547] serio: i8042 KBD port at 0x60,0x64 irq 1
[    0.632746] serio: i8042 AUX port at 0x60,0x64 irq 12
[    0.634033] mousedev: PS/2 mouse device common for all mice
[    0.635700] input: AT Translated Set 2 keyboard as /devices/platform/i8042/serio0/input/input2
[    0.637376] rtc_cmos rtc_cmos: rtc core: registered rtc_cmos as rtc0
[    0.638764] rtc_cmos rtc_cmos: alarms up to one day, 114 bytes nvram
[    0.639978] i2c /dev entries driver
[    0.640873] device-mapper: uevent: version 1.0.3
[    0.642092] device-mapper: ioctl: 4.37.0-ioctl (2017-09-20) initialised: dm-devel@redhat.com
[    0.643743] ledtrig-cpu: registered to indicate activity on CPUs
[    0.645059] NET: Registered protocol family 10
[    0.649467] Segment Routing with IPv6
[    0.650334] NET: Registered protocol family 17
[    0.651136] Key type dns_resolver registered
[    0.652233] mce: Using 0 MCE banks
[    0.652869] RAS: Correctable Errors collector initialized.
[    0.653760] sched_clock: Marking stable (652192364, 0)->(847213185, -195020821)
[    0.655393] registered taskstats version 1
[    0.656312] Loading compiled-in X.509 certificates
[    0.658931] Loaded X.509 cert 'Build time autogenerated kernel key: b5b26778eaa3ab3a4a6cee031137706e947d12ad'
[    0.660916] Loaded X.509 cert 'Canonical Ltd. Live Patch Signing: 14df34d1a87cf37625abec039ef2bf521249b969'
[    0.662857] Loaded X.509 cert 'Canonical Ltd. Kernel Module Signing: 88f752e560a1e0737e31163a466ad7b70a850c19'
[    0.664486] blacklist: Loading compiled-in revocation X.509 certificates
[    0.665575] Loaded X.509 cert 'Canonical Ltd. Secure Boot Signing: 61482aa2830d0ab2ad5af10b7250da9033ddcef0'
[    0.667665] Loaded X.509 cert 'Canonical Ltd. Secure Boot Signing (2017): 242ade75ac4a15e50d50c84b0d45ff3eae707a03'
[    0.669562] Loaded X.509 cert 'Canonical Ltd. Secure Boot Signing (ESM 2018): 365188c1d374d6b07c3c8f240f8ef722433d6a8b'
[    0.671523] Loaded X.509 cert 'Canonical Ltd. Secure Boot Signing (2019): c0746fd6c5da3ae827864651ad66ae47fe24b3e8'
[    0.673495] Loaded X.509 cert 'Canonical Ltd. Secure Boot Signing (2021 v1): a8d54bbb3825cfb94fa13c9f8a594a195c107b8d'
[    0.675400] Loaded X.509 cert 'Canonical Ltd. Secure Boot Signing (2021 v2): 4cf046892d6fd3c9a5b03f98d845f90851dc6a8c'
[    0.677366] Loaded X.509 cert 'Canonical Ltd. Secure Boot Signing (2021 v3): 100437bb6de6e469b581e61cd66bce3ef4ed53af'
[    0.679268] Loaded X.509 cert 'Canonical Ltd. Secure Boot Signing (Ubuntu Core 2019): c1d57b8f6b743f23ee41f4f7ee292f06eecadfb9'
[    0.681804] zswap: loaded using pool lzo/zbud
[    0.686114] Key type big_key registered
[    0.686971] Key type trusted registered
[    0.689174] Key type encrypted registered
[    0.690040] AppArmor: AppArmor sha1 policy hashing enabled
[    0.691107] ima: No TPM chip found, activating TPM-bypass! (rc=-19)
[    0.692366] ima: Allocated hash algorithm: sha1
[    0.693296] evm: HMAC attrs: 0x1
[    0.694238]   Magic number: 8:597:807
[    0.695037] misc snapshot: hash matches
[    0.695973] rtc_cmos rtc_cmos: setting system clock to 2024-09-12 23:45:02 UTC (1726184702)
[    0.697737] BIOS EDD facility v0.16 2004-Jun-25, 0 devices found
[    0.698858] EDD information not available.
[    0.810589] Freeing unused kernel image memory: 2480K
[    1.120140] Write protecting the kernel read-only data: 20480k
[    1.123855] Freeing unused kernel image memory: 2008K
[    1.126670] Freeing unused kernel image memory: 1820K
[    1.142701] x86/mm: Checked W+X mappings: passed, no W+X pages found.
[    1.144394] x86/mm: Checking user space page tables
[    1.157052] x86/mm: Checked W+X mappings: passed, no W+X pages found.
Loading, please wait...
starting version 237
[    1.264433] Fusion MPT base driver 3.04.20
[    1.265506] Copyright (c) 1999-2008 LSI Corporation
[    1.268754] e1000: Intel(R) PRO/1000 Network Driver - version 7.3.21-k8-NAPI
[    1.269998] e1000: Copyright (c) 1999-2006 Intel Corporation.
[    1.272762] AVX2 version of gcm_enc/dec engaged.
[    1.273815] AES CTR mode by8 optimization enabled
[    1.285873] Fusion MPT SPI Host driver 3.04.20
[    1.462244] input: ImExPS/2 Generic Explorer Mouse as /devices/platform/i8042/serio1/input/input4
[    1.674596] e1000 0000:00:03.0 eth0: (PCI:33MHz:32-bit) 02:3b:7b:b7:3b:2d
[    1.678145] e1000 0000:00:03.0 eth0: Intel(R) PRO/1000 Network Connection
[    1.682752] mptbase: ioc0: Initiating bringup
[    1.793306] ioc0: LSI53C1030 A0: Capabilities={Initiator}
[    2.046755] scsi host2: ioc0: LSI53C1030 A0, FwRev=00000000h, Ports=1, MaxQ=256, IRQ=20
[    2.222857] scsi 2:0:0:0: Direct-Access     VBOX     HARDDISK         1.0  PQ: 0 ANSI: 5
[    2.392075] scsi target2:0:0: Beginning Domain Validation
[    2.394239] scsi target2:0:0: Domain Validation skipping write tests
[    2.395542] scsi target2:0:0: Ending Domain Validation
[    2.396650] scsi target2:0:0: asynchronous
[    2.397967] scsi 2:0:1:0: Direct-Access     VBOX     HARDDISK         1.0  PQ: 0 ANSI: 5
[    2.608766] scsi target2:0:1: Beginning Domain Validation
[    2.618751] scsi target2:0:1: Domain Validation skipping write tests
[    2.622203] scsi target2:0:1: Ending Domain Validation
[    2.624681] scsi target2:0:1: asynchronous
[    2.626272] e1000 0000:00:08.0 eth1: (PCI:33MHz:32-bit) 08:00:27:0b:9c:cc
[    2.628929] e1000 0000:00:08.0 eth1: Intel(R) PRO/1000 Network Connection
[    2.633736] sd 2:0:0:0: Attached scsi generic sg0 type 0
[    2.635763] sd 2:0:0:0: [sda] 83886080 512-byte logical blocks: (42.9 GB/40.0 GiB)
[    2.637668] sd 2:0:1:0: Attached scsi generic sg1 type 0
[    2.637689] sd 2:0:0:0: [sda] Write Protect is off
[    2.640425] sd 2:0:1:0: [sdb] 20480 512-byte logical blocks: (10.5 MB/10.0 MiB)
[    2.642006] sd 2:0:0:0: [sda] Incomplete mode parameter data
[    2.643134] sd 2:0:0:0: [sda] Assuming drive cache: write through
[    2.644388] sd 2:0:1:0: [sdb] Write Protect is off
[    2.645773] sd 2:0:1:0: [sdb] Incomplete mode parameter data
[    2.646842] sd 2:0:1:0: [sdb] Assuming drive cache: write through
[    2.655157]  sda: sda1
[    2.660000] sd 2:0:0:0: [sda] Attached SCSI disk
[    2.663001] sd 2:0:1:0: [sdb] Attached SCSI disk
[    2.666674] e1000 0000:00:03.0 enp0s3: renamed from eth0
[    2.684292] e1000 0000:00:08.0 enp0s8: renamed from eth1
Begin: Loading essential drivers ... [    4.284053] raid6: sse2x1   gen() 12404 MB/s
[    4.332055] raid6: sse2x1   xor()  9252 MB/s
[    4.380056] raid6: sse2x2   gen() 16273 MB/s
[    4.428057] raid6: sse2x2   xor() 11029 MB/s
[    4.476057] raid6: sse2x4   gen() 18333 MB/s
[    4.524052] raid6: sse2x4   xor() 11444 MB/s
[    4.572069] raid6: avx2x1   gen() 19917 MB/s
[    4.620054] raid6: avx2x1   xor() 14741 MB/s
[    4.668050] raid6: avx2x2   gen() 27240 MB/s
[    4.716053] raid6: avx2x2   xor() 20133 MB/s
[    4.764054] raid6: avx2x4   gen() 35771 MB/s
[    4.812049] raid6: avx2x4   xor() 21864 MB/s
[    4.812996] raid6: using algorithm avx2x4 gen() 35771 MB/s
[    4.813863] raid6: .... xor() 21864 MB/s, rmw enabled
[    4.814770] raid6: using avx2x2 recovery algorithm
[    4.816322] xor: automatically using best checksumming function   avx       
[    4.818304] async_tx: api initialized (async)
done.
Begin: Running /scripts/init-premount ... done.
Begin: Mounting root file system ... Begin: Running /scripts/local-top ... done.
Begin: Running /scripts/local-premount ... [    4.859398] Btrfs loaded, crc32c=crc32c-intel
Scanning for Btrfs filesystems
done.
Warning: fsck not present, so skipping root file system
[    4.893929] EXT4-fs (sda1): INFO: recovery required on readonly filesystem
[    4.895116] EXT4-fs (sda1): write access will be enabled during recovery
[    4.932088] EXT4-fs (sda1): recovery complete
[    4.933192] EXT4-fs (sda1): mounted filesystem with ordered data mode. Opts: (null)
done.
Begin: Running /scripts/local-bottom ... done.
Begin: Running /scripts/init-bottom ... done.
[    5.196608] ip_tables: (C) 2000-2006 Netfilter Core Team
[    5.214196] systemd[1]: systemd 237 running in system mode. (+PAM +AUDIT +SELINUX +IMA +APPARMOR +SMACK +SYSVINIT +UTMP +LIBCRYPTSETUP +GCRYPT +GNUTLS +ACL +XZ +LZ4 +SECCOMP +BLKID +ELFUTILS +KMOD -IDN2 +IDN -PCRE2 default-hierarchy=hybrid)
[    5.221474] systemd[1]: Detected virtualization oracle.
[    5.223218] systemd[1]: Detected architecture x86-64.

Welcome to [1mUbuntu 18.04.6 LTS[0m!

[    5.241350] systemd[1]: Set hostname to <web01>.
[    5.610160] systemd[1]: Reached target Swap.
[[0;32m  OK  [0m] Reached target Swap.
[    5.620190] systemd[1]: Started Forward Password Requests to Wall Directory Watch.
[[0;32m  OK  [0m] Started Forward Password Requests to Wall Directory Watch.
[    5.622970] systemd[1]: Set up automount Arbitrary Executable File Formats File System Automount Point.
[[0;32m  OK  [0m] Set up automount Arbitrary Executab…rmats File System Automount Point.
[    5.625948] systemd[1]: Reached target System Time Synchronized.
[[0;32m  OK  [0m] Reached target System Time Synchronized.
[    5.629104] systemd[1]: Created slice User and Session Slice.
[[0;32m  OK  [0m] Created slice User and Session Slice.
[    5.631223] systemd[1]: Created slice System Slice.
[[0;32m  OK  [0m] Created slice System Slice.
[[0;32m  OK  [0m] Listening on Journal Socket.
         Starting Create list of required st…ce nodes for the current kernel...
         Starting Uncomplicated firewall...
[[0;32m  OK  [0m] Listening on Syslog Socket.
[[0;32m  OK  [0m] Listening on LVM2 poll daemon socket.
[[0;32m  OK  [0m] Listening on Network Service Netlink Socket.
[[0;32m  OK  [0m] Listening on Journal Socket (/dev/log).
         Mounting POSIX Message Queue File System...
[[0;32m  OK  [0m] Listening on udev Kernel Socket.
[[0;32m  OK  [0m] Created slice system-serial\x2dgetty.slice.
[[0;32m  OK  [0m] Listening on Journal Audit Socket.
[[0;32m  OK  [0m] Reached target Mounting snaps.
[[0;32m  OK  [0m] Reached target Mounted snaps.
[[0;32m  OK  [0m] Reached target Slices.
[[0;32m  OK  [0m] Listening on udev Control Socket.
[[0;32m  OK  [0m] Listening on Device-mapper event daemon FIFOs.
         Mounting Kernel Debug File System...
[[0;32m  OK  [0m] Listening on /dev/initctl Compatibility Named Pipe.
         Starting Set the console keyboard layout...
         Starting udev Coldplug all Devices...
         Starting Load Kernel Modules...
[[0;32m  OK  [0m] Reached target User and Group Name Lookups.
         Starting Journal Service...
[[0;32m  OK  [0m] Listening on fsck to fsckd communication Socket.
         Starting File System Check on Root Device...
         Mounting Huge Pages File System...
[[0;32m  OK  [0m] Listening on LVM2 metadata daemon socket.
         Starting Monitoring of LVM2 mirrors…ng dmeventd or progress polling...
[[0;32m  OK  [0m] Started Create list of required sta…vice nodes for the current kernel.
[[0;32m  OK  [0m] Started Uncomplicated firewall.
[[0;32m  OK  [0m] Mounted POSIX Message Queue File System.
[[0;32m  OK  [0m] Mounted Kernel Debug File System.
[    5.681956] Loading iSCSI transport class v2.0-870.
[[0;32m  OK  [0m] Mounted Huge Pages File System.
         Starting Create Static Device Nodes in /dev...
[    5.693043] iscsi: registered transport (tcp)
[    5.711401] iscsi: registered transport (iser)
[[0;32m  OK  [0m] Started Load Kernel Modules.
         Mounting FUSE Control File System...
         Starting Apply Kernel Variables...
         Mounting Kernel Configuration File System...
[[0;32m  OK  [0m] Started File System Check Daemon to report status.
[[0;32m  OK  [0m] Mounted Kernel Configuration File System.
[[0;32m  OK  [0m] Mounted FUSE Control File System.
[[0;32m  OK  [0m] Started udev Coldplug all Devices.
[[0;32m  OK  [0m] Started LVM2 metadata daemon.
[[0;32m  OK  [0m] Started Journal Service.
[[0;32m  OK  [0m] Started Create Static Device Nodes in /dev.
[[0;32m  OK  [0m] Started Apply Kernel Variables.
[[0;32m  OK  [0m] Started File System Check on Root Device.
         Starting Remount Root and Kernel File Systems...
[[0;32m  OK  [0m] Started Monitoring of LVM2 mirrors,…sing dmeventd or progress polling.
[[0;32m  OK  [0m] Started Remount Root and Kernel File Systems.
         Starting Flush Journal to Persistent Storage...
         Starting udev Kernel Device Manager...
         Starting Load/Save Random Seed...
[[0;32m  OK  [0m] Started udev Kernel Device Manager.
[[0;32m  OK  [0m] Started Load/Save Random Seed.
[[0;32m  OK  [0m] Started Set the console keyboard layout.
[[0;32m  OK  [0m] Reached target Local File Systems (Pre).
[[0;32m  OK  [0m] Reached target Local File Systems.
         Starting Set console font and keymap...
         Starting Tell Plymouth To Write Out Runtime Data...
         Starting AppArmor initialization...
         Starting ebtables ruleset management...
[[0;32m  OK  [0m] Started Dispatch Password Requests to Console Directory Watch.
[[0;32m  OK  [0m] Reached target Local Encrypted Volumes.
[[0;32m  OK  [0m] Started Set console font and keymap.
[[0;32m  OK  [0m] Started Tell Plymouth To Write Out Runtime Data.
[[0;32m  OK  [0m] Started Flush Journal to Persistent Storage.
         Starting Create Volatile Files and Directories...
[[0;32m  OK  [0m] Started Create Volatile Files and Directories.
         Starting Update UTMP about System Boot/Shutdown...
[[0;32m  OK  [0m] Started Update UTMP about System Boot/Shutdown.
[[0;32m  OK  [0m] Started ebtables ruleset management.
[[0;32m  OK  [0m] Started AppArmor initialization.
         Starting Initial cloud-init job (pre-networking)...
         Starting Load AppArmor profiles managed internally by snapd...
[[0;32m  OK  [0m] Found device /dev/ttyS0.
         Mounting Arbitrary Executable File Formats File System...
[[0;32m  OK  [0m] Mounted Arbitrary Executable File Formats File System.
[[0;32m  OK  [0m] Started Load AppArmor profiles managed internally by snapd.
[[0;32m  OK  [0m] Listening on Load/Save RF Kill Switch Status /dev/rfkill Watch.
[    8.063687] cloud-init[529]: Cloud-init v. 23.1.2-0ubuntu0~18.04.1 running 'init-local' at Thu, 12 Sep 2024 23:45:09 +0000. Up 7.81 seconds.
[[0;32m  OK  [0m] Started Initial cloud-init job (pre-networking).
[[0;32m  OK  [0m] Reached target Network (Pre).
         Starting Network Service...
[[0;32m  OK  [0m] Started Network Service.
         Starting Wait for Network to be Configured...
         Starting Network Name Resolution...
[[0;32m  OK  [0m] Started Network Name Resolution.
[[0;32m  OK  [0m] Reached target Network.
[[0;32m  OK  [0m] Reached target Host and Network Name Lookups.
[[0;32m  OK  [0m] Started Wait for Network to be Configured.
         Starting Initial cloud-init job (metadata service crawler)...
[   10.981350] cloud-init[665]: Cloud-init v. 23.1.2-0ubuntu0~18.04.1 running 'init' at Thu, 12 Sep 2024 23:45:12 +0000. Up 10.74 seconds.
[   10.982587] cloud-init[665]: ci-info: ++++++++++++++++++++++++++++++++++++++Net device info+++++++++++++++++++++++++++++++++++++++
[   10.983507] cloud-init[665]: ci-info: +--------+------+-----------------------------+---------------+--------+-------------------+
[   10.984402] cloud-init[665]: ci-info: | Device |  Up  |           Address           |      Mask     | Scope  |     Hw-Address    |
[   10.985299] cloud-init[665]: ci-info: +--------+------+-----------------------------+---------------+--------+-------------------+
[   10.986197] cloud-init[665]: ci-info: | enp0s3 | True |          10.0.2.15          | 255.255.255.0 | global | 02:3b:7b:b7:3b:2d |
[   10.987062] cloud-init[665]: ci-info: | enp0s3 | True |  fe80::3b:7bff:feb7:3b2d/64 |       .       |  link  | 02:3b:7b:b7:3b:2d |
[   10.987966] cloud-init[665]: ci-info: | enp0s8 | True |        192.168.56.11        | 255.255.255.0 | global | 08:00:27:0b:9c:cc |
[   10.989316] cloud-init[665]: ci-info: | enp0s8 | True | fe80::a00:27ff:fe0b:9ccc/64 |       .       |  link  | 08:00:27:0b:9c:cc |
[   10.990872] cloud-init[665]: ci-info: |   lo   | True |          127.0.0.1          |   255.0.0.0   |  host  |         .         |
[   10.992393] cloud-init[665]: ci-info: |   lo   | True |           ::1/128           |       .       |  host  |         .         |
[   10.993894] cloud-init[665]: ci-info: +--------+------+-----------------------------+---------------+--------+-------------------+
[   10.995367] cloud-init[665]: ci-info: +++++++++++++++++++++++++++++Route IPv4 info+++++++++++++++++++++++++++++
[   10.996672] cloud-init[665]: ci-info: +-------+--------------+----------+-----------------+-----------+-------+
[   10.997970] cloud-init[665]: ci-info: | Route | Destination  | Gateway  |     Genmask     | Interface | Flags |
[   10.999255] cloud-init[665]: ci-info: +-------+--------------+----------+-----------------+-----------+-------+
[   11.000501] cloud-init[665]: ci-info: |   0   |   0.0.0.0    | 10.0.2.2 |     0.0.0.0     |   enp0s3  |   UG  |
[   11.001786] cloud-init[665]: ci-info: |   1   |   10.0.2.0   | 0.0.0.0  |  255.255.255.0  |   enp0s3  |   U   |
[   11.003082] cloud-init[665]: ci-info: |   2   |   10.0.2.2   | 0.0.0.0  | 255.255.255.255 |   enp0s3  |   UH  |
[   11.004327] cloud-init[665]: ci-info: |   3   | 192.168.56.0 | 0.0.0.0  |  255.255.255.0  |   enp0s8  |   U   |
[   11.005672] cloud-init[665]: ci-info: +-------+--------------+----------+-----------------+-----------+-------+
[   11.006965] cloud-init[665]: ci-info: +++++++++++++++++++Route IPv6 info+++++++++++++++++++
[   11.008023] cloud-init[665]: ci-info: +-------+-------------+---------+-----------+-------+
[   11.009102] cloud-init[665]: ci-info: | Route | Destination | Gateway | Interface | Flags |
[   11.020195] cloud-init[665]: ci-info: +-------+-------------+---------+-----------+-------+
[   11.021241] cloud-init[665]: ci-info: |   1   |  fe80::/64  |    ::   |   enp0s8  |   U   |
[   11.022084] cloud-init[665]: ci-info: |   2   |  fe80::/64  |    ::   |   enp0s3  |   U   |
[   11.022891] cloud-init[665]: ci-info: |   4   |    local    |    ::   |   enp0s3  |   U   |
[   11.023731] cloud-init[665]: ci-info: |   5   |    local    |    ::   |   enp0s8  |   U   |
[   11.024498] cloud-init[665]: ci-info: |   6   |   ff00::/8  |    ::   |   enp0s8  |   U   |
[   11.025271] cloud-init[665]: ci-info: |   7   |   ff00::/8  |    ::   |   enp0s3  |   U   |
[   11.025890] cloud-init[665]: ci-info: +-------+-------------+---------+-----------+-------+
[[0;32m  OK  [0m] Started Initial cloud-init job (metadata service crawler).
[[0;32m  OK  [0m] Reached target System Initialization.
[[0;32m  OK  [0m] Started Daily apt download activities.
[[0;32m  OK  [0m] Listening on ACPID Listen Socket.
[[0;32m  OK  [0m] Started Discard unused blocks once a week.
[[0;32m  OK  [0m] Started Daily apt upgrade and clean activities.
[[0;32m  OK  [0m] Started Message of the Day.
[[0;32m  OK  [0m] Listening on Open-iSCSI iscsid Socket.
[[0;32m  OK  [0m] Started ACPI Events Check.
[[0;32m  OK  [0m] Reached target Paths.
         Starting LXD - unix socket.
[[0;32m  OK  [0m] Started Ubuntu Advantage Timer for running repeated jobs.
[[0;32m  OK  [0m] Started Daily Cleanup of Temporary Directories.
[[0;32m  OK  [0m] Listening on cloud-init hotplug hook socket.
[[0;32m  OK  [0m] Listening on D-Bus System Message Bus Socket.
[[0;32m  OK  [0m] Listening on UUID daemon activation socket.
         Starting Socket activation for snappy daemon.
[[0;32m  OK  [0m] Reached target Timers.
[[0;32m  OK  [0m] Reached target Cloud-config availability.
[[0;32m  OK  [0m] Reached target Network is Online.
[[0;32m  OK  [0m] Reached target Remote File Systems (Pre).
         Mounting /vagrant...
         Starting Availability of block devices...
[[0;32m  OK  [0m] Listening on LXD - unix socket.
[[0;32m  OK  [0m] Listening on Socket activation for snappy daemon.
[[0;32m  OK  [0m] Reached target Sockets.
[[0;32m  OK  [0m] Reached target Basic System.
[[0;32m  OK  [0m] Started irqbalance daemon.
         Starting Message of the Day...
         Starting Dispatcher daemon for systemd-networkd...
         Starting Accounts Service...
[[0;32m  OK  [0m] Started D-Bus System Message Bus.
         Starting Login Service...
         Starting System Logging Service...
         Starting OpenBSD Secure Shell server...
         Starting Virtualbox guest utils...
         Starting LXD - container startup/shutdown...
[[0;32m  OK  [0m] Started Deferred execution scheduler.
         Starting Snap Daemon...
[[0;32m  OK  [0m] Reached target Login Prompts (Pre).
         Starting LSB: Record successful boot for GRUB...
[[0;32m  OK  [0m] Started FUSE filesystem for LXC.
[[0;32m  OK  [0m] Started Regular background program processing daemon.
[[0;32m  OK  [0m] Started System Logging Service.
[[0;32m  OK  [0m] Mounted /vagrant.
[[0;32m  OK  [0m] Started Availability of block devices.
[[0;32m  OK  [0m] Started Login Service.
[[0;32m  OK  [0m] Started Unattended Upgrades Shutdown.
         Starting Authorization Manager...
[[0;32m  OK  [0m] Reached target Remote File Systems.
         Starting LSB: automatic crash report generation...
         Starting Permit User Sessions...
[[0;32m  OK  [0m] Started OpenBSD Secure Shell server.
[[0;32m  OK  [0m] Started Authorization Manager.
[[0;32m  OK  [0m] Started Accounts Service.
[[0;32m  OK  [0m] Started Permit User Sessions.
         Starting Terminate Plymouth Boot Screen...
         Starting Hold until boot process finishes up...
[[0;32m  OK  [0m] Started Hold until boot process finishes up.
         Starting Set console scheme...
[[0;32m  OK  [0m] Started Serial Getty on ttyS0.
[[0;32m  OK  [0m] Started Terminate Plymouth Boot Screen.
[[0;32m  OK  [0m] Started Set console scheme.
[[0;32m  OK  [0m] Started Virtualbox guest utils.
[[0;32m  OK  [0m] Created slice system-getty.slice.
[[0;32m  OK  [0m] Started Getty on tty1.
[[0;32m  OK  [0m] Reached target Login Prompts.
[[0;32m  OK  [0m] Started LSB: automatic crash report generation.
[[0;32m  OK  [0m] Started LSB: Record successful boot for GRUB.
[[0;32m  OK  [0m] Started LXD - container startup/shutdown.
[[0;32m  OK  [0m] Started Dispatcher daemon for systemd-networkd.
[[0;32m  OK  [0m] Created slice User Slice of vagrant.
[[0;32m  OK  [0m] Started Session 1 of user vagrant.
         Starting User Manager for UID 1000...
[[0;32m  OK  [0m] Started Snap Daemon.
         Starting Wait until snapd is fully seeded...
         Starting Time & Date Service...
[[0;32m  OK  [0m] Started Time & Date Service.
[[0;32m  OK  [0m] Started Wait until snapd is fully seeded.
         Starting Apply the settings specified in cloud-config...
[[0;32m  OK  [0m] Started User Manager for UID 1000.
[   13.474226] cloud-init[1194]: Cloud-init v. 23.1.2-0ubuntu0~18.04.1 running 'modules:config' at Thu, 12 Sep 2024 23:45:15 +0000. Up 13.30 seconds.
[[0;32m  OK  [0m] Started Apply the settings specified in cloud-config.
[[0;32m  OK  [0m] Reached target Multi-User System.
[[0;32m  OK  [0m] Reached target Graphical Interface.
         Starting Update UTMP about System Runlevel Changes...
         Starting Execute cloud user/final scripts...
[[0;32m  OK  [0m] Started Update UTMP about System Runlevel Changes.
[[0;32m  OK  [0m] Started Message of the Day.
[   14.438263] cloud-init[1259]: Cloud-init v. 23.1.2-0ubuntu0~18.04.1 running 'modules:final' at Thu, 12 Sep 2024 23:45:16 +0000. Up 14.21 seconds.
[   14.440123] cloud-init[1259]: Cloud-init v. 23.1.2-0ubuntu0~18.04.1 finished at Thu, 12 Sep 2024 23:45:16 +0000. Datasource DataSourceNoCloud [seed=/dev/sdb][dsmode=net].  Up 14.42 seconds
[[0;32m  OK  [0m] Started Execute cloud user/final scripts.
[[0;32m  OK  [0m] Reached target Cloud-init target.

Ubuntu 18.04.6 LTS web01 ttyS0

web01 login: 